2021-01-11 23:08:32,108 INFO o.h.v.i.u.Version [background-preinit] HV000001: Hibernate Validator 6.1.6.Final
2021-01-11 23:08:32,209 INFO o.s.b.StartupInfoLogger [restartedMain] Starting EmployeeapiApplication on DESKTOP-I4CVCNF with PID 21180 (C:\Study\JavaWebservices\code\mywork\casestudy\javamicroservicescasestudy\rmapidocker\target\classes started by shamb in C:\Study\JavaWebservices\code\mywork\casestudy\javamicroservicescasestudy\rmapidocker)
2021-01-11 23:08:32,217 INFO o.s.b.SpringApplication [restartedMain] No active profile set, falling back to default profiles: default
2021-01-11 23:08:32,288 INFO o.s.b.l.DeferredLog [restartedMain] Devtools property defaults active! Set 'spring.devtools.add-properties' to 'false' to disable
2021-01-11 23:08:32,289 INFO o.s.b.l.DeferredLog [restartedMain] For additional web related logging consider setting the 'logging.level.web' property to 'DEBUG'
2021-01-11 23:08:33,955 INFO o.s.d.r.c.RepositoryConfigurationDelegate [restartedMain] Bootstrapping Spring Data JPA repositories in DEFERRED mode.
2021-01-11 23:08:34,034 INFO o.s.d.r.c.RepositoryConfigurationDelegate [restartedMain] Finished Spring Data repository scanning in 68ms. Found 1 JPA repository interfaces.
2021-01-11 23:08:34,988 INFO o.s.b.w.e.t.TomcatWebServer [restartedMain] Tomcat initialized with port(s): 6060 (http)
2021-01-11 23:08:35,003 INFO o.a.j.l.DirectJDKLog [restartedMain] Initializing ProtocolHandler ["http-nio-6060"]
2021-01-11 23:08:35,004 INFO o.a.j.l.DirectJDKLog [restartedMain] Starting service [Tomcat]
2021-01-11 23:08:35,005 INFO o.a.j.l.DirectJDKLog [restartedMain] Starting Servlet engine: [Apache Tomcat/9.0.39]
2021-01-11 23:08:35,155 INFO o.a.j.l.DirectJDKLog [restartedMain] Initializing Spring embedded WebApplicationContext
2021-01-11 23:08:35,156 INFO o.s.b.w.s.c.ServletWebServerApplicationContext [restartedMain] Root WebApplicationContext: initialization completed in 2867 ms
2021-01-11 23:08:35,749 INFO o.s.s.c.ExecutorConfigurationSupport [restartedMain] Initializing ExecutorService 'applicationTaskExecutor'
2021-01-11 23:08:35,815 INFO o.h.j.i.u.LogHelper [task-1] HHH000204: Processing PersistenceUnitInfo [name: default]
2021-01-11 23:08:35,902 INFO o.h.Version [task-1] HHH000412: Hibernate ORM core version 5.4.22.Final
2021-01-11 23:08:36,161 INFO o.h.a.c.r.j.JavaReflectionManager [task-1] HCANN000001: Hibernate Commons Annotations {5.1.0.Final}
2021-01-11 23:08:36,168 WARN o.s.b.a.o.j.JpaBaseConfiguration$JpaWebConfiguration [restartedMain] spring.jpa.open-in-view is enabled by default. Therefore, database queries may be performed during view rendering. Explicitly configure spring.jpa.open-in-view to disable this warning
2021-01-11 23:08:36,314 INFO c.z.h.HikariDataSource [task-1] HikariPool-1 - Starting...
2021-01-11 23:08:36,828 INFO c.z.h.HikariDataSource [task-1] HikariPool-1 - Start completed.
2021-01-11 23:08:36,854 INFO o.h.d.Dialect [task-1] HHH000400: Using dialect: org.hibernate.dialect.MySQL8Dialect
2021-01-11 23:08:38,224 INFO o.h.e.t.j.p.i.JtaPlatformInitiator [task-1] HHH000490: Using JtaPlatform implementation: [org.hibernate.engine.transaction.jta.platform.internal.NoJtaPlatform]
2021-01-11 23:08:38,237 INFO o.s.o.j.AbstractEntityManagerFactoryBean [task-1] Initialized JPA EntityManagerFactory for persistence unit 'default'
2021-01-11 23:08:38,924 INFO o.s.b.a.e.w.EndpointLinksResolver [restartedMain] Exposing 2 endpoint(s) beneath base path '/actuator'
2021-01-11 23:08:38,997 INFO o.s.b.d.a.OptionalLiveReloadServer [task-2] LiveReload server is running on port 35729
2021-01-11 23:08:39,203 INFO s.d.s.w.WebMvcPropertySourcedRequestMappingHandlerMapping [restartedMain] Mapped URL path [/v2/api-docs] onto method [springfox.documentation.swagger2.web.Swagger2ControllerWebMvc#getDocumentation(String, HttpServletRequest)]
2021-01-11 23:08:39,936 INFO o.a.j.l.DirectJDKLog [restartedMain] Starting ProtocolHandler ["http-nio-6060"]
2021-01-11 23:08:39,971 INFO o.s.b.w.e.t.TomcatWebServer [restartedMain] Tomcat started on port(s): 6060 (http) with context path ''
2021-01-11 23:08:39,973 INFO s.d.s.w.p.DocumentationPluginsBootstrapper [restartedMain] Documentation plugins bootstrapped
2021-01-11 23:08:39,977 INFO s.d.s.w.p.AbstractDocumentationPluginsBootstrapper [restartedMain] Found 1 custom documentation plugin(s)
2021-01-11 23:08:40,026 INFO s.d.s.w.s.ApiListingReferenceScanner [restartedMain] Scanning for api listing references
2021-01-11 23:08:40,180 INFO o.s.d.r.c.DeferredRepositoryInitializationListener [restartedMain] Triggering deferred initialization of Spring Data repositories…
2021-01-11 23:08:40,390 INFO o.s.d.r.c.DeferredRepositoryInitializationListener [restartedMain] Spring Data repositories initialized!
2021-01-11 23:08:40,402 INFO o.s.b.StartupInfoLogger [restartedMain] Started EmployeeapiApplication in 8.765 seconds (JVM running for 9.982)
2021-01-11 23:08:54,777 INFO o.a.j.l.DirectJDKLog [http-nio-6060-exec-1] Initializing Spring DispatcherServlet 'dispatcherServlet'
2021-01-11 23:08:54,778 INFO o.s.w.s.FrameworkServlet [http-nio-6060-exec-1] Initializing Servlet 'dispatcherServlet'
2021-01-11 23:08:54,812 INFO o.s.w.s.FrameworkServlet [http-nio-6060-exec-1] Completed initialization in 34 ms
2021-01-11 23:09:15,359 INFO o.s.o.j.AbstractEntityManagerFactoryBean [Thread-4] Closing JPA EntityManagerFactory for persistence unit 'default'
2021-01-11 23:09:15,361 INFO o.s.s.c.ExecutorConfigurationSupport [Thread-4] Shutting down ExecutorService 'applicationTaskExecutor'
2021-01-11 23:09:15,364 INFO c.z.h.HikariDataSource [Thread-4] HikariPool-1 - Shutdown initiated...
2021-01-11 23:09:15,374 INFO c.z.h.HikariDataSource [Thread-4] HikariPool-1 - Shutdown completed.
2021-01-11 23:09:15,496 INFO o.s.b.StartupInfoLogger [restartedMain] Starting EmployeeapiApplication on DESKTOP-I4CVCNF with PID 21180 (C:\Study\JavaWebservices\code\mywork\casestudy\javamicroservicescasestudy\rmapidocker\target\classes started by shamb in C:\Study\JavaWebservices\code\mywork\casestudy\javamicroservicescasestudy\rmapidocker)
2021-01-11 23:09:15,497 INFO o.s.b.SpringApplication [restartedMain] No active profile set, falling back to default profiles: default
2021-01-11 23:09:16,121 INFO o.s.d.r.c.RepositoryConfigurationDelegate [restartedMain] Bootstrapping Spring Data JPA repositories in DEFERRED mode.
2021-01-11 23:09:16,139 INFO o.s.d.r.c.RepositoryConfigurationDelegate [restartedMain] Finished Spring Data repository scanning in 17ms. Found 1 JPA repository interfaces.
2021-01-11 23:09:16,315 INFO o.s.b.w.e.t.TomcatWebServer [restartedMain] Tomcat initialized with port(s): 6060 (http)
2021-01-11 23:09:16,316 INFO o.a.j.l.DirectJDKLog [restartedMain] Initializing ProtocolHandler ["http-nio-6060"]
2021-01-11 23:09:16,317 INFO o.a.j.l.DirectJDKLog [restartedMain] Starting service [Tomcat]
2021-01-11 23:09:16,317 INFO o.a.j.l.DirectJDKLog [restartedMain] Starting Servlet engine: [Apache Tomcat/9.0.39]
2021-01-11 23:09:16,358 INFO o.a.j.l.DirectJDKLog [restartedMain] Initializing Spring embedded WebApplicationContext
2021-01-11 23:09:16,358 INFO o.s.b.w.s.c.ServletWebServerApplicationContext [restartedMain] Root WebApplicationContext: initialization completed in 859 ms
2021-01-11 23:09:16,486 INFO o.s.s.c.ExecutorConfigurationSupport [restartedMain] Initializing ExecutorService 'applicationTaskExecutor'
2021-01-11 23:09:16,494 INFO o.h.j.i.u.LogHelper [task-1] HHH000204: Processing PersistenceUnitInfo [name: default]
2021-01-11 23:09:16,505 INFO c.z.h.HikariDataSource [task-1] HikariPool-2 - Starting...
2021-01-11 23:09:16,610 WARN o.s.b.a.o.j.JpaBaseConfiguration$JpaWebConfiguration [restartedMain] spring.jpa.open-in-view is enabled by default. Therefore, database queries may be performed during view rendering. Explicitly configure spring.jpa.open-in-view to disable this warning
