2021-01-09 00:29:41,052 INFO o.h.v.i.u.Version [background-preinit] HV000001: Hibernate Validator 6.1.6.Final
2021-01-09 00:29:41,230 INFO o.s.b.l.DeferredLog [restartedMain] Devtools property defaults active! Set 'spring.devtools.add-properties' to 'false' to disable
2021-01-09 00:29:42,783 INFO o.s.s.c.ExecutorConfigurationSupport [restartedMain] Initializing ExecutorService
2021-01-09 00:29:43,743 INFO o.s.v.c.e.LeaseAwareVaultPropertySource [restartedMain] Vault location [secret/dbsecret/dev] not resolvable: Not found
2021-01-09 00:29:43,765 INFO o.s.v.c.e.LeaseAwareVaultPropertySource [restartedMain] Vault location [secret/application/dev] not resolvable: Not found
2021-01-09 00:29:43,772 INFO o.s.v.c.e.LeaseAwareVaultPropertySource [restartedMain] Vault location [secret/application] not resolvable: Not found
2021-01-09 00:29:43,773 INFO o.s.c.b.c.PropertySourceBootstrapConfiguration [restartedMain] Located property source: [BootstrapPropertySource {name='bootstrapProperties-secret/dbsecret/dev'}, BootstrapPropertySource {name='bootstrapProperties-secret/dbsecret'}, BootstrapPropertySource {name='bootstrapProperties-secret/application/dev'}, BootstrapPropertySource {name='bootstrapProperties-secret/application'}]
2021-01-09 00:29:43,793 INFO o.s.c.c.c.ConfigServicePropertySourceLocator [restartedMain] Fetching config from server at : http://localhost:8888
2021-01-09 00:29:44,605 INFO o.s.c.c.c.ConfigServicePropertySourceLocator [restartedMain] Located environment: name=RM-SERVICE,bank-app-common,bank-app, profiles=[dev], label=null, version=d8a62ef56f693ad4b6619418a88847d0ea73dd8b, state=null
2021-01-09 00:29:44,607 INFO o.s.c.b.c.PropertySourceBootstrapConfiguration [restartedMain] Located property source: [BootstrapPropertySource {name='bootstrapProperties-configClient'}, BootstrapPropertySource {name='bootstrapProperties-https://github.com/shambharkarashish/virtusaconfigrepo2020.git/bank-app-dev.properties'}, BootstrapPropertySource {name='bootstrapProperties-https://github.com/shambharkarashish/virtusaconfigrepo2020.git/bank-app-common.properties'}]
2021-01-09 00:29:44,621 INFO o.s.b.SpringApplication [restartedMain] The following profiles are active: dev
2021-01-09 00:29:47,522 WARN o.s.b.a.e.EndpointId [restartedMain] Endpoint ID 'bus-env' contains invalid characters, please migrate to a valid format.
2021-01-09 00:29:48,017 INFO o.s.d.r.c.RepositoryConfigurationDelegate [restartedMain] Bootstrapping Spring Data JPA repositories in DEFERRED mode.
2021-01-09 00:29:48,392 INFO o.s.d.r.c.RepositoryConfigurationDelegate [restartedMain] Finished Spring Data repository scanning in 359ms. Found 1 JPA repository interfaces.
2021-01-09 00:29:48,640 WARN o.s.b.a.e.EndpointId [restartedMain] Endpoint ID 'bus-refresh' contains invalid characters, please migrate to a valid format.
2021-01-09 00:29:48,834 WARN o.s.b.a.e.EndpointId [restartedMain] Endpoint ID 'service-registry' contains invalid characters, please migrate to a valid format.
2021-01-09 00:29:49,391 INFO o.s.c.c.s.GenericScope [restartedMain] BeanFactory id=89b042c4-d94b-3a30-a18c-02190e48c77d
2021-01-09 00:29:49,416 INFO o.s.i.c.DefaultConfiguringBeanFactoryPostProcessor [restartedMain] No bean named 'errorChannel' has been explicitly defined. Therefore, a default PublishSubscribeChannel will be created.
2021-01-09 00:29:49,428 INFO o.s.i.c.DefaultConfiguringBeanFactoryPostProcessor [restartedMain] No bean named 'taskScheduler' has been explicitly defined. Therefore, a default ThreadPoolTaskScheduler will be created.
2021-01-09 00:29:49,444 INFO o.s.i.c.DefaultConfiguringBeanFactoryPostProcessor [restartedMain] No bean named 'integrationHeaderChannelRegistry' has been explicitly defined. Therefore, a default DefaultHeaderChannelRegistry will be created.
2021-01-09 00:29:49,797 INFO o.s.c.s.PostProcessorRegistrationDelegate$BeanPostProcessorChecker [restartedMain] Bean 'integrationChannelResolver' of type [org.springframework.integration.support.channel.BeanFactoryChannelResolver] is not eligible for getting processed by all BeanPostProcessors (for example: not eligible for auto-proxying)
2021-01-09 00:29:49,802 INFO o.s.c.s.PostProcessorRegistrationDelegate$BeanPostProcessorChecker [restartedMain] Bean 'integrationDisposableAutoCreatedBeans' of type [org.springframework.integration.config.annotation.Disposables] is not eligible for getting processed by all BeanPostProcessors (for example: not eligible for auto-proxying)
2021-01-09 00:29:49,855 INFO o.s.c.s.PostProcessorRegistrationDelegate$BeanPostProcessorChecker [restartedMain] Bean 'org.springframework.integration.config.IntegrationManagementConfiguration' of type [org.springframework.integration.config.IntegrationManagementConfiguration] is not eligible for getting processed by all BeanPostProcessors (for example: not eligible for auto-proxying)
2021-01-09 00:29:51,433 INFO o.s.b.w.e.t.TomcatWebServer [restartedMain] Tomcat initialized with port(s): 6060 (http)
2021-01-09 00:29:51,462 INFO o.a.j.l.DirectJDKLog [restartedMain] Initializing ProtocolHandler ["http-nio-6060"]
2021-01-09 00:29:51,463 INFO o.a.j.l.DirectJDKLog [restartedMain] Starting service [Tomcat]
2021-01-09 00:29:51,464 INFO o.a.j.l.DirectJDKLog [restartedMain] Starting Servlet engine: [Apache Tomcat/9.0.39]
2021-01-09 00:29:51,818 INFO o.a.j.l.DirectJDKLog [restartedMain] Initializing Spring embedded WebApplicationContext
2021-01-09 00:29:51,819 INFO o.s.b.w.s.c.ServletWebServerApplicationContext [restartedMain] Root WebApplicationContext: initialization completed in 7159 ms
2021-01-09 00:29:52,243 WARN c.n.c.s.URLConfigurationSource [restartedMain] No URLs will be polled as dynamic configuration sources.
2021-01-09 00:29:52,244 INFO c.n.c.s.URLConfigurationSource [restartedMain] To enable URLs as dynamic configuration sources, define System property archaius.configurationSource.additionalUrls or make config.properties available on classpath.
2021-01-09 00:29:52,285 INFO c.n.c.DynamicPropertyFactory [restartedMain] DynamicPropertyFactory is initialized with configuration sources: com.netflix.config.ConcurrentCompositeConfiguration@4e918dbe
2021-01-09 00:29:52,825 INFO c.v.b.c.DbConfiguration [restartedMain] Message from Property filemessage from dev with refresh scope and refresh, cloud bus activated
2021-01-09 00:29:52,826 INFO c.v.b.c.DbConfiguration [restartedMain] User Name...root
2021-01-09 00:29:52,826 INFO c.v.b.c.DbConfiguration [restartedMain] Password...Stardrops@01
2021-01-09 00:29:53,097 INFO o.s.s.c.ExecutorConfigurationSupport [restartedMain] Initializing ExecutorService 'applicationTaskExecutor'
2021-01-09 00:29:53,175 INFO o.s.s.c.ExecutorConfigurationSupport [restartedMain] Initializing ExecutorService 'taskScheduler'
2021-01-09 00:29:53,358 INFO o.h.j.i.u.LogHelper [task-1] HHH000204: Processing PersistenceUnitInfo [name: default]
2021-01-09 00:29:53,523 INFO o.h.Version [task-1] HHH000412: Hibernate ORM core version 5.4.22.Final
2021-01-09 00:29:53,939 INFO o.h.a.c.r.j.JavaReflectionManager [task-1] HCANN000001: Hibernate Commons Annotations {5.1.0.Final}
2021-01-09 00:29:54,166 WARN o.s.b.a.o.j.JpaBaseConfiguration$JpaWebConfiguration [restartedMain] spring.jpa.open-in-view is enabled by default. Therefore, database queries may be performed during view rendering. Explicitly configure spring.jpa.open-in-view to disable this warning
2021-01-09 00:29:54,273 INFO c.z.h.HikariDataSource [task-1] HikariPool-1 - Starting...
2021-01-09 00:29:54,865 INFO c.z.h.HikariDataSource [task-1] HikariPool-1 - Start completed.
2021-01-09 00:29:54,909 INFO o.h.d.Dialect [task-1] HHH000400: Using dialect: org.hibernate.dialect.MySQL8Dialect
2021-01-09 00:29:57,014 INFO o.h.e.t.j.p.i.JtaPlatformInitiator [task-1] HHH000490: Using JtaPlatform implementation: [org.hibernate.engine.transaction.jta.platform.internal.NoJtaPlatform]
2021-01-09 00:29:57,033 INFO o.s.o.j.AbstractEntityManagerFactoryBean [task-1] Initialized JPA EntityManagerFactory for persistence unit 'default'
2021-01-09 00:29:59,378 INFO o.s.b.a.e.w.EndpointLinksResolver [restartedMain] Exposing 22 endpoint(s) beneath base path '/actuator'
2021-01-09 00:29:59,580 WARN o.s.b.d.a.OptionalLiveReloadServer [task-2] Unable to start LiveReload server
2021-01-09 00:29:59,994 INFO s.d.s.w.WebMvcPropertySourcedRequestMappingHandlerMapping [restartedMain] Mapped URL path [/v2/api-docs] onto method [springfox.documentation.swagger2.web.Swagger2ControllerWebMvc#getDocumentation(String, HttpServletRequest)]
2021-01-09 00:30:00,199 WARN c.n.c.s.URLConfigurationSource [restartedMain] No URLs will be polled as dynamic configuration sources.
2021-01-09 00:30:00,200 INFO c.n.c.s.URLConfigurationSource [restartedMain] To enable URLs as dynamic configuration sources, define System property archaius.configurationSource.additionalUrls or make config.properties available on classpath.
2021-01-09 00:30:01,403 INFO o.s.c.s.f.FunctionConfiguration$FunctionBindingRegistrar [restartedMain] Functional binding is disabled due to the presense of @EnableBinding annotation in your configuration
2021-01-09 00:30:02,224 INFO o.s.c.n.e.c.DiscoveryClientOptionalArgsConfiguration [restartedMain] Eureka HTTP Client uses Jersey
2021-01-09 00:30:02,355 WARN o.s.c.l.c.BlockingLoadBalancerClientAutoConfiguration$BlockingLoadBalancerClientRibbonWarnLogger [restartedMain] You already have RibbonLoadBalancerClient on your classpath. It will be used by default. As Spring Cloud Ribbon is in maintenance mode. We recommend switching to BlockingLoadBalancerClient instead. In order to use it, set the value of `spring.cloud.loadbalancer.ribbon.enabled` to `false` or remove spring-cloud-starter-netflix-ribbon from your project.
2021-01-09 00:30:02,801 INFO o.s.i.c.AbstractSubscribableChannel [restartedMain] Channel 'dbsecret-1.springCloudBusInput' has 1 subscriber(s).
2021-01-09 00:30:02,929 INFO o.s.i.e.EventDrivenConsumer [restartedMain] Adding {logging-channel-adapter:_org.springframework.integration.errorLogger} as a subscriber to the 'errorChannel' channel
2021-01-09 00:30:02,929 INFO o.s.i.c.AbstractSubscribableChannel [restartedMain] Channel 'dbsecret-1.errorChannel' has 1 subscriber(s).
2021-01-09 00:30:02,930 INFO o.s.i.e.AbstractEndpoint [restartedMain] started bean '_org.springframework.integration.errorLogger'
2021-01-09 00:30:02,933 INFO o.s.c.s.b.DefaultBinderFactory [restartedMain] Creating binder: rabbit
2021-01-09 00:30:03,262 INFO o.s.v.c.e.LeaseAwareVaultPropertySource [restartedMain] Vault location [secret/dbsecret/dev] not resolvable: Not found
2021-01-09 00:30:03,269 INFO o.s.v.c.e.LeaseAwareVaultPropertySource [restartedMain] Vault location [secret/application/dev] not resolvable: Not found
2021-01-09 00:30:03,272 INFO o.s.v.c.e.LeaseAwareVaultPropertySource [restartedMain] Vault location [secret/application] not resolvable: Not found
2021-01-09 00:30:03,272 INFO o.s.c.b.c.PropertySourceBootstrapConfiguration [restartedMain] Located property source: [BootstrapPropertySource {name='bootstrapProperties-secret/dbsecret/dev'}, BootstrapPropertySource {name='bootstrapProperties-secret/dbsecret'}, BootstrapPropertySource {name='bootstrapProperties-secret/application/dev'}, BootstrapPropertySource {name='bootstrapProperties-secret/application'}]
2021-01-09 00:30:03,284 INFO o.s.c.c.c.ConfigServicePropertySourceLocator [restartedMain] Fetching config from server at : http://localhost:8888
2021-01-09 00:30:03,926 INFO o.s.c.c.c.ConfigServicePropertySourceLocator [restartedMain] Located environment: name=dbsecret, profiles=[dev], label=null, version=d8a62ef56f693ad4b6619418a88847d0ea73dd8b, state=null
2021-01-09 00:30:03,926 INFO o.s.c.b.c.PropertySourceBootstrapConfiguration [restartedMain] Located property source: [BootstrapPropertySource {name='bootstrapProperties-configClient'}]
2021-01-09 00:30:04,114 INFO o.s.d.r.c.DeferredRepositoryInitializationListener [restartedMain] Triggering deferred initialization of Spring Data repositories…
2021-01-09 00:30:04,555 INFO o.s.d.r.c.DeferredRepositoryInitializationListener [restartedMain] Spring Data repositories initialized!
2021-01-09 00:30:04,564 INFO o.s.c.s.b.DefaultBinderFactory [restartedMain] Caching the binder: rabbit
2021-01-09 00:30:04,565 INFO o.s.c.s.b.DefaultBinderFactory [restartedMain] Retrieving cached binder: rabbit
2021-01-09 00:30:04,660 INFO o.s.a.r.c.AbstractConnectionFactory [restartedMain] Attempting to connect to: [localhost:5672]
2021-01-09 00:30:08,754 INFO o.s.i.c.AbstractSubscribableChannel [restartedMain] Channel 'dbsecret-1.springCloudBusOutput' has 1 subscriber(s).
2021-01-09 00:30:08,778 INFO o.s.c.n.e.InstanceInfoFactory [restartedMain] Setting initial instance status as: STARTING
2021-01-09 00:30:08,856 INFO c.n.d.DiscoveryClient [restartedMain] Initializing Eureka in region us-east-1
2021-01-09 00:30:08,981 INFO c.n.d.p.DiscoveryJerseyProvider [restartedMain] Using JSON encoding codec LegacyJacksonJson
2021-01-09 00:30:08,982 INFO c.n.d.p.DiscoveryJerseyProvider [restartedMain] Using JSON decoding codec LegacyJacksonJson
2021-01-09 00:30:09,365 INFO c.n.d.p.DiscoveryJerseyProvider [restartedMain] Using XML encoding codec XStreamXml
2021-01-09 00:30:09,365 INFO c.n.d.p.DiscoveryJerseyProvider [restartedMain] Using XML decoding codec XStreamXml
2021-01-09 00:30:10,061 INFO c.n.d.s.r.a.ConfigClusterResolver [restartedMain] Resolving eureka endpoints via configuration
2021-01-09 00:30:10,147 INFO c.n.d.DiscoveryClient [restartedMain] Disable delta property : false
2021-01-09 00:30:10,148 INFO c.n.d.DiscoveryClient [restartedMain] Single vip registry refresh property : null
2021-01-09 00:30:10,148 INFO c.n.d.DiscoveryClient [restartedMain] Force full registry fetch : false
2021-01-09 00:30:10,149 INFO c.n.d.DiscoveryClient [restartedMain] Application is null : false
2021-01-09 00:30:10,149 INFO c.n.d.DiscoveryClient [restartedMain] Registered Applications size is zero : true
2021-01-09 00:30:10,149 INFO c.n.d.DiscoveryClient [restartedMain] Application version is -1: true
2021-01-09 00:30:10,150 INFO c.n.d.DiscoveryClient [restartedMain] Getting all instance registry info from the eureka server
2021-01-09 00:30:10,311 INFO c.n.d.DiscoveryClient [restartedMain] The response status is 200
2021-01-09 00:30:10,322 INFO c.n.d.DiscoveryClient [restartedMain] Starting heartbeat executor: renew interval is: 30
2021-01-09 00:30:10,335 INFO c.n.d.InstanceInfoReplicator [restartedMain] InstanceInfoReplicator onDemand update allowed rate per min is 4
2021-01-09 00:30:10,359 INFO c.n.d.DiscoveryClient [restartedMain] Discovery Client initialized at timestamp 1610152210357 with initial instances count: 0
2021-01-09 00:30:10,375 INFO o.s.c.n.e.s.EurekaServiceRegistry [restartedMain] Registering application RM-SERVICE,BANK-APP-COMMON,BANK-APP with eureka with status UP
2021-01-09 00:30:10,377 INFO c.n.d.DiscoveryClient$3 [restartedMain] Saw local status change event StatusChangeEvent [timestamp=1610152210376, current=UP, previous=STARTING]
2021-01-09 00:30:10,381 INFO o.s.c.s.b.DefaultBinderFactory [restartedMain] Retrieving cached binder: rabbit
2021-01-09 00:30:10,381 INFO c.n.d.DiscoveryClient [DiscoveryClient-InstanceInfoReplicator-0] DiscoveryClient_RM-SERVICE,BANK-APP-COMMON,BANK-APP/host.docker.internal:RM-SERVICE,bank-app-common,bank-app:6060: registering service...
2021-01-09 00:30:10,505 INFO o.s.c.s.b.r.p.RabbitExchangeQueueProvisioner [restartedMain] declaring queue for inbound: springCloudBus.anonymous.aPAH_GiHRDiuKpxyMPBGGQ, bound to: springCloudBus
2021-01-09 00:30:10,507 INFO o.s.a.r.c.AbstractConnectionFactory [restartedMain] Attempting to connect to: [localhost:5672]
2021-01-09 00:30:10,610 INFO c.n.d.DiscoveryClient [DiscoveryClient-InstanceInfoReplicator-0] DiscoveryClient_RM-SERVICE,BANK-APP-COMMON,BANK-APP/host.docker.internal:RM-SERVICE,bank-app-common,bank-app:6060 - registration status: 204
2021-01-09 00:30:14,564 INFO o.s.a.r.c.AbstractConnectionFactory [restartedMain] Attempting to connect to: [localhost:5672]
2021-01-09 00:30:18,676 INFO o.s.a.r.c.AbstractConnectionFactory [restartedMain] Attempting to connect to: [localhost:5672]
2021-01-09 00:30:22,770 INFO o.s.i.c.AbstractSubscribableChannel [restartedMain] Channel 'springCloudBus.anonymous.aPAH_GiHRDiuKpxyMPBGGQ.errors' has 1 subscriber(s).
2021-01-09 00:30:22,772 INFO o.s.i.c.AbstractSubscribableChannel [restartedMain] Channel 'springCloudBus.anonymous.aPAH_GiHRDiuKpxyMPBGGQ.errors' has 2 subscriber(s).
2021-01-09 00:30:22,776 INFO o.s.a.r.c.AbstractConnectionFactory [restartedMain] Attempting to connect to: [localhost:5672]
2021-01-09 00:30:26,836 INFO o.s.a.r.l.AbstractMessageListenerContainer [restartedMain] Broker not available; cannot force queue declarations during start: java.net.ConnectException: Connection refused: no further information
2021-01-09 00:30:26,852 INFO o.s.a.r.c.AbstractConnectionFactory [springCloudBus.anonymous.aPAH_GiHRDiuKpxyMPBGGQ-1] Attempting to connect to: [localhost:5672]
2021-01-09 00:30:30,911 INFO o.s.i.e.AbstractEndpoint [restartedMain] started bean 'inbound.springCloudBus.anonymous.aPAH_GiHRDiuKpxyMPBGGQ'
2021-01-09 00:30:30,916 INFO o.a.j.l.DirectJDKLog [restartedMain] Starting ProtocolHandler ["http-nio-6060"]
2021-01-09 00:30:31,031 INFO o.s.b.w.e.t.TomcatWebServer [restartedMain] Tomcat started on port(s): 6060 (http) with context path ''
2021-01-09 00:30:31,035 INFO o.s.c.n.e.s.EurekaAutoServiceRegistration [restartedMain] Updating port to 6060
2021-01-09 00:30:31,292 INFO s.d.s.w.p.DocumentationPluginsBootstrapper [restartedMain] Documentation plugins bootstrapped
2021-01-09 00:30:31,305 INFO s.d.s.w.p.AbstractDocumentationPluginsBootstrapper [restartedMain] Found 1 custom documentation plugin(s)
2021-01-09 00:30:31,442 INFO s.d.s.w.s.ApiListingReferenceScanner [restartedMain] Scanning for api listing references
2021-01-09 00:30:31,754 INFO o.s.d.r.c.DeferredRepositoryInitializationListener [restartedMain] Triggering deferred initialization of Spring Data repositories…
2021-01-09 00:30:31,758 INFO o.s.d.r.c.DeferredRepositoryInitializationListener [restartedMain] Spring Data repositories initialized!
2021-01-09 00:30:32,078 INFO o.s.b.StartupInfoLogger [restartedMain] Started EmployeeapiApplication in 51.901 seconds (JVM running for 53.469)
2021-01-09 00:30:36,030 WARN o.s.a.r.l.SimpleMessageListenerContainer$AsyncMessageProcessingConsumer [springCloudBus.anonymous.aPAH_GiHRDiuKpxyMPBGGQ-1] Consumer raised exception, processing can restart if the connection factory supports it. Exception summary: org.springframework.amqp.AmqpConnectException: java.net.ConnectException: Connection refused: no further information
2021-01-09 00:30:36,034 INFO o.s.a.r.l.SimpleMessageListenerContainer$AsyncMessageProcessingConsumer [springCloudBus.anonymous.aPAH_GiHRDiuKpxyMPBGGQ-1] Restarting Consumer@215056c4: tags=[[]], channel=null, acknowledgeMode=AUTO local queue size=0
2021-01-09 00:30:36,038 INFO o.s.a.r.c.AbstractConnectionFactory [springCloudBus.anonymous.aPAH_GiHRDiuKpxyMPBGGQ-2] Attempting to connect to: [localhost:5672]
2021-01-09 00:30:40,334 INFO c.n.d.DiscoveryClient [DiscoveryClient-CacheRefreshExecutor-0] Disable delta property : false
2021-01-09 00:30:40,334 INFO c.n.d.DiscoveryClient [DiscoveryClient-CacheRefreshExecutor-0] Single vip registry refresh property : null
2021-01-09 00:30:40,335 INFO c.n.d.DiscoveryClient [DiscoveryClient-CacheRefreshExecutor-0] Force full registry fetch : false
2021-01-09 00:30:40,335 INFO c.n.d.DiscoveryClient [DiscoveryClient-CacheRefreshExecutor-0] Application is null : false
2021-01-09 00:30:40,335 INFO c.n.d.DiscoveryClient [DiscoveryClient-CacheRefreshExecutor-0] Registered Applications size is zero : true
2021-01-09 00:30:40,336 INFO c.n.d.DiscoveryClient [DiscoveryClient-CacheRefreshExecutor-0] Application version is -1: false
2021-01-09 00:30:40,336 INFO c.n.d.DiscoveryClient [DiscoveryClient-CacheRefreshExecutor-0] Getting all instance registry info from the eureka server
2021-01-09 00:30:40,382 INFO c.n.d.DiscoveryClient [DiscoveryClient-CacheRefreshExecutor-0] The response status is 200
2021-01-09 00:30:45,207 WARN o.s.a.r.l.SimpleMessageListenerContainer$AsyncMessageProcessingConsumer [springCloudBus.anonymous.aPAH_GiHRDiuKpxyMPBGGQ-2] Consumer raised exception, processing can restart if the connection factory supports it. Exception summary: org.springframework.amqp.AmqpConnectException: java.net.ConnectException: Connection refused: no further information
2021-01-09 00:30:45,207 INFO o.s.a.r.l.SimpleMessageListenerContainer$AsyncMessageProcessingConsumer [springCloudBus.anonymous.aPAH_GiHRDiuKpxyMPBGGQ-2] Restarting Consumer@128663b8: tags=[[]], channel=null, acknowledgeMode=AUTO local queue size=0
2021-01-09 00:30:45,208 INFO o.s.a.r.c.AbstractConnectionFactory [springCloudBus.anonymous.aPAH_GiHRDiuKpxyMPBGGQ-3] Attempting to connect to: [localhost:5672]
2021-01-09 00:30:54,389 WARN o.s.a.r.l.SimpleMessageListenerContainer$AsyncMessageProcessingConsumer [springCloudBus.anonymous.aPAH_GiHRDiuKpxyMPBGGQ-3] Consumer raised exception, processing can restart if the connection factory supports it. Exception summary: org.springframework.amqp.AmqpConnectException: java.net.ConnectException: Connection refused: no further information
2021-01-09 00:30:54,390 INFO o.s.a.r.l.SimpleMessageListenerContainer$AsyncMessageProcessingConsumer [springCloudBus.anonymous.aPAH_GiHRDiuKpxyMPBGGQ-3] Restarting Consumer@16d5601: tags=[[]], channel=null, acknowledgeMode=AUTO local queue size=0
2021-01-09 00:30:54,391 INFO o.s.a.r.c.AbstractConnectionFactory [springCloudBus.anonymous.aPAH_GiHRDiuKpxyMPBGGQ-4] Attempting to connect to: [localhost:5672]
2021-01-09 00:31:03,587 WARN o.s.a.r.l.SimpleMessageListenerContainer$AsyncMessageProcessingConsumer [springCloudBus.anonymous.aPAH_GiHRDiuKpxyMPBGGQ-4] Consumer raised exception, processing can restart if the connection factory supports it. Exception summary: org.springframework.amqp.AmqpConnectException: java.net.ConnectException: Connection refused: no further information
2021-01-09 00:31:03,588 INFO o.s.a.r.l.SimpleMessageListenerContainer$AsyncMessageProcessingConsumer [springCloudBus.anonymous.aPAH_GiHRDiuKpxyMPBGGQ-4] Restarting Consumer@1dde0913: tags=[[]], channel=null, acknowledgeMode=AUTO local queue size=0
2021-01-09 00:31:03,588 INFO o.s.a.r.c.AbstractConnectionFactory [springCloudBus.anonymous.aPAH_GiHRDiuKpxyMPBGGQ-5] Attempting to connect to: [localhost:5672]
2021-01-09 00:31:12,775 WARN o.s.a.r.l.SimpleMessageListenerContainer$AsyncMessageProcessingConsumer [springCloudBus.anonymous.aPAH_GiHRDiuKpxyMPBGGQ-5] Consumer raised exception, processing can restart if the connection factory supports it. Exception summary: org.springframework.amqp.AmqpConnectException: java.net.ConnectException: Connection refused: no further information
2021-01-09 00:31:12,776 INFO o.s.a.r.l.SimpleMessageListenerContainer$AsyncMessageProcessingConsumer [springCloudBus.anonymous.aPAH_GiHRDiuKpxyMPBGGQ-5] Restarting Consumer@42cce52e: tags=[[]], channel=null, acknowledgeMode=AUTO local queue size=0
2021-01-09 00:31:12,777 INFO o.s.a.r.c.AbstractConnectionFactory [springCloudBus.anonymous.aPAH_GiHRDiuKpxyMPBGGQ-6] Attempting to connect to: [localhost:5672]
2021-01-09 00:31:21,970 WARN o.s.a.r.l.SimpleMessageListenerContainer$AsyncMessageProcessingConsumer [springCloudBus.anonymous.aPAH_GiHRDiuKpxyMPBGGQ-6] Consumer raised exception, processing can restart if the connection factory supports it. Exception summary: org.springframework.amqp.AmqpConnectException: java.net.ConnectException: Connection refused: no further information
2021-01-09 00:31:21,971 INFO o.s.a.r.l.SimpleMessageListenerContainer$AsyncMessageProcessingConsumer [springCloudBus.anonymous.aPAH_GiHRDiuKpxyMPBGGQ-6] Restarting Consumer@4b8104ae: tags=[[]], channel=null, acknowledgeMode=AUTO local queue size=0
2021-01-09 00:31:21,972 INFO o.s.a.r.c.AbstractConnectionFactory [springCloudBus.anonymous.aPAH_GiHRDiuKpxyMPBGGQ-7] Attempting to connect to: [localhost:5672]
2021-01-09 00:31:31,140 WARN o.s.a.r.l.SimpleMessageListenerContainer$AsyncMessageProcessingConsumer [springCloudBus.anonymous.aPAH_GiHRDiuKpxyMPBGGQ-7] Consumer raised exception, processing can restart if the connection factory supports it. Exception summary: org.springframework.amqp.AmqpConnectException: java.net.ConnectException: Connection refused: no further information
2021-01-09 00:31:31,140 INFO o.s.a.r.l.SimpleMessageListenerContainer$AsyncMessageProcessingConsumer [springCloudBus.anonymous.aPAH_GiHRDiuKpxyMPBGGQ-7] Restarting Consumer@7e1b62b2: tags=[[]], channel=null, acknowledgeMode=AUTO local queue size=0
2021-01-09 00:31:31,141 INFO o.s.a.r.c.AbstractConnectionFactory [springCloudBus.anonymous.aPAH_GiHRDiuKpxyMPBGGQ-8] Attempting to connect to: [localhost:5672]
2021-01-09 00:31:38,828 INFO o.a.j.l.DirectJDKLog [http-nio-6060-exec-1] Initializing Spring DispatcherServlet 'dispatcherServlet'
2021-01-09 00:31:38,829 INFO o.s.w.s.FrameworkServlet [http-nio-6060-exec-1] Initializing Servlet 'dispatcherServlet'
2021-01-09 00:31:38,891 INFO o.s.w.s.FrameworkServlet [http-nio-6060-exec-1] Completed initialization in 62 ms
2021-01-09 00:31:40,316 WARN o.s.a.r.l.SimpleMessageListenerContainer$AsyncMessageProcessingConsumer [springCloudBus.anonymous.aPAH_GiHRDiuKpxyMPBGGQ-8] Consumer raised exception, processing can restart if the connection factory supports it. Exception summary: org.springframework.amqp.AmqpConnectException: java.net.ConnectException: Connection refused: no further information
2021-01-09 00:31:40,317 INFO o.s.a.r.l.SimpleMessageListenerContainer$AsyncMessageProcessingConsumer [springCloudBus.anonymous.aPAH_GiHRDiuKpxyMPBGGQ-8] Restarting Consumer@747d1f86: tags=[[]], channel=null, acknowledgeMode=AUTO local queue size=0
2021-01-09 00:31:40,318 INFO o.s.a.r.c.AbstractConnectionFactory [springCloudBus.anonymous.aPAH_GiHRDiuKpxyMPBGGQ-9] Attempting to connect to: [localhost:5672]
2021-01-09 00:31:49,480 WARN o.s.a.r.l.SimpleMessageListenerContainer$AsyncMessageProcessingConsumer [springCloudBus.anonymous.aPAH_GiHRDiuKpxyMPBGGQ-9] Consumer raised exception, processing can restart if the connection factory supports it. Exception summary: org.springframework.amqp.AmqpConnectException: java.net.ConnectException: Connection refused: no further information
2021-01-09 00:31:49,481 INFO o.s.a.r.l.SimpleMessageListenerContainer$AsyncMessageProcessingConsumer [springCloudBus.anonymous.aPAH_GiHRDiuKpxyMPBGGQ-9] Restarting Consumer@2bdfcd69: tags=[[]], channel=null, acknowledgeMode=AUTO local queue size=0
2021-01-09 00:31:49,483 INFO o.s.a.r.c.AbstractConnectionFactory [springCloudBus.anonymous.aPAH_GiHRDiuKpxyMPBGGQ-10] Attempting to connect to: [localhost:5672]
2021-01-09 00:31:58,621 WARN o.s.a.r.l.SimpleMessageListenerContainer$AsyncMessageProcessingConsumer [springCloudBus.anonymous.aPAH_GiHRDiuKpxyMPBGGQ-10] Consumer raised exception, processing can restart if the connection factory supports it. Exception summary: org.springframework.amqp.AmqpConnectException: java.net.ConnectException: Connection refused: no further information
2021-01-09 00:31:58,622 INFO o.s.a.r.l.SimpleMessageListenerContainer$AsyncMessageProcessingConsumer [springCloudBus.anonymous.aPAH_GiHRDiuKpxyMPBGGQ-10] Restarting Consumer@1aecb2a5: tags=[[]], channel=null, acknowledgeMode=AUTO local queue size=0
2021-01-09 00:31:58,623 INFO o.s.a.r.c.AbstractConnectionFactory [springCloudBus.anonymous.aPAH_GiHRDiuKpxyMPBGGQ-11] Attempting to connect to: [localhost:5672]
2021-01-09 00:32:07,757 WARN o.s.a.r.l.SimpleMessageListenerContainer$AsyncMessageProcessingConsumer [springCloudBus.anonymous.aPAH_GiHRDiuKpxyMPBGGQ-11] Consumer raised exception, processing can restart if the connection factory supports it. Exception summary: org.springframework.amqp.AmqpConnectException: java.net.ConnectException: Connection refused: no further information
2021-01-09 00:32:07,757 INFO o.s.a.r.l.SimpleMessageListenerContainer$AsyncMessageProcessingConsumer [springCloudBus.anonymous.aPAH_GiHRDiuKpxyMPBGGQ-11] Restarting Consumer@54f014a8: tags=[[]], channel=null, acknowledgeMode=AUTO local queue size=0
2021-01-09 00:32:07,758 INFO o.s.a.r.c.AbstractConnectionFactory [springCloudBus.anonymous.aPAH_GiHRDiuKpxyMPBGGQ-12] Attempting to connect to: [localhost:5672]
2021-01-09 00:32:16,930 WARN o.s.a.r.l.SimpleMessageListenerContainer$AsyncMessageProcessingConsumer [springCloudBus.anonymous.aPAH_GiHRDiuKpxyMPBGGQ-12] Consumer raised exception, processing can restart if the connection factory supports it. Exception summary: org.springframework.amqp.AmqpConnectException: java.net.ConnectException: Connection refused: no further information
2021-01-09 00:32:16,931 INFO o.s.a.r.l.SimpleMessageListenerContainer$AsyncMessageProcessingConsumer [springCloudBus.anonymous.aPAH_GiHRDiuKpxyMPBGGQ-12] Restarting Consumer@4509201: tags=[[]], channel=null, acknowledgeMode=AUTO local queue size=0
2021-01-09 00:32:16,931 INFO o.s.a.r.c.AbstractConnectionFactory [springCloudBus.anonymous.aPAH_GiHRDiuKpxyMPBGGQ-13] Attempting to connect to: [localhost:5672]
2021-01-09 00:32:26,142 WARN o.s.a.r.l.SimpleMessageListenerContainer$AsyncMessageProcessingConsumer [springCloudBus.anonymous.aPAH_GiHRDiuKpxyMPBGGQ-13] Consumer raised exception, processing can restart if the connection factory supports it. Exception summary: org.springframework.amqp.AmqpConnectException: java.net.ConnectException: Connection refused: no further information
2021-01-09 00:32:26,143 INFO o.s.a.r.l.SimpleMessageListenerContainer$AsyncMessageProcessingConsumer [springCloudBus.anonymous.aPAH_GiHRDiuKpxyMPBGGQ-13] Restarting Consumer@72139851: tags=[[]], channel=null, acknowledgeMode=AUTO local queue size=0
2021-01-09 00:32:26,145 INFO o.s.a.r.c.AbstractConnectionFactory [springCloudBus.anonymous.aPAH_GiHRDiuKpxyMPBGGQ-14] Attempting to connect to: [localhost:5672]
2021-01-09 00:32:35,314 WARN o.s.a.r.l.SimpleMessageListenerContainer$AsyncMessageProcessingConsumer [springCloudBus.anonymous.aPAH_GiHRDiuKpxyMPBGGQ-14] Consumer raised exception, processing can restart if the connection factory supports it. Exception summary: org.springframework.amqp.AmqpConnectException: java.net.ConnectException: Connection refused: no further information
2021-01-09 00:32:35,314 INFO o.s.a.r.l.SimpleMessageListenerContainer$AsyncMessageProcessingConsumer [springCloudBus.anonymous.aPAH_GiHRDiuKpxyMPBGGQ-14] Restarting Consumer@42d647ef: tags=[[]], channel=null, acknowledgeMode=AUTO local queue size=0
2021-01-09 00:32:35,315 INFO o.s.a.r.c.AbstractConnectionFactory [springCloudBus.anonymous.aPAH_GiHRDiuKpxyMPBGGQ-15] Attempting to connect to: [localhost:5672]
2021-01-09 00:32:44,502 WARN o.s.a.r.l.SimpleMessageListenerContainer$AsyncMessageProcessingConsumer [springCloudBus.anonymous.aPAH_GiHRDiuKpxyMPBGGQ-15] Consumer raised exception, processing can restart if the connection factory supports it. Exception summary: org.springframework.amqp.AmqpConnectException: java.net.ConnectException: Connection refused: no further information
2021-01-09 00:32:44,503 INFO o.s.a.r.l.SimpleMessageListenerContainer$AsyncMessageProcessingConsumer [springCloudBus.anonymous.aPAH_GiHRDiuKpxyMPBGGQ-15] Restarting Consumer@68650d6: tags=[[]], channel=null, acknowledgeMode=AUTO local queue size=0
2021-01-09 00:32:44,504 INFO o.s.a.r.c.AbstractConnectionFactory [springCloudBus.anonymous.aPAH_GiHRDiuKpxyMPBGGQ-16] Attempting to connect to: [localhost:5672]
2021-01-09 00:32:53,665 WARN o.s.a.r.l.SimpleMessageListenerContainer$AsyncMessageProcessingConsumer [springCloudBus.anonymous.aPAH_GiHRDiuKpxyMPBGGQ-16] Consumer raised exception, processing can restart if the connection factory supports it. Exception summary: org.springframework.amqp.AmqpConnectException: java.net.ConnectException: Connection refused: no further information
2021-01-09 00:32:53,665 INFO o.s.a.r.l.SimpleMessageListenerContainer$AsyncMessageProcessingConsumer [springCloudBus.anonymous.aPAH_GiHRDiuKpxyMPBGGQ-16] Restarting Consumer@4b851dad: tags=[[]], channel=null, acknowledgeMode=AUTO local queue size=0
2021-01-09 00:32:53,667 INFO o.s.a.r.c.AbstractConnectionFactory [springCloudBus.anonymous.aPAH_GiHRDiuKpxyMPBGGQ-17] Attempting to connect to: [localhost:5672]
2021-01-09 00:33:02,823 WARN o.s.a.r.l.SimpleMessageListenerContainer$AsyncMessageProcessingConsumer [springCloudBus.anonymous.aPAH_GiHRDiuKpxyMPBGGQ-17] Consumer raised exception, processing can restart if the connection factory supports it. Exception summary: org.springframework.amqp.AmqpConnectException: java.net.ConnectException: Connection refused: no further information
2021-01-09 00:33:02,824 INFO o.s.a.r.l.SimpleMessageListenerContainer$AsyncMessageProcessingConsumer [springCloudBus.anonymous.aPAH_GiHRDiuKpxyMPBGGQ-17] Restarting Consumer@55037da6: tags=[[]], channel=null, acknowledgeMode=AUTO local queue size=0
2021-01-09 00:33:02,826 INFO o.s.a.r.c.AbstractConnectionFactory [springCloudBus.anonymous.aPAH_GiHRDiuKpxyMPBGGQ-18] Attempting to connect to: [localhost:5672]
2021-01-09 00:33:11,991 WARN o.s.a.r.l.SimpleMessageListenerContainer$AsyncMessageProcessingConsumer [springCloudBus.anonymous.aPAH_GiHRDiuKpxyMPBGGQ-18] Consumer raised exception, processing can restart if the connection factory supports it. Exception summary: org.springframework.amqp.AmqpConnectException: java.net.ConnectException: Connection refused: no further information
2021-01-09 00:33:11,992 INFO o.s.a.r.l.SimpleMessageListenerContainer$AsyncMessageProcessingConsumer [springCloudBus.anonymous.aPAH_GiHRDiuKpxyMPBGGQ-18] Restarting Consumer@18c536f9: tags=[[]], channel=null, acknowledgeMode=AUTO local queue size=0
2021-01-09 00:33:11,993 INFO o.s.a.r.c.AbstractConnectionFactory [springCloudBus.anonymous.aPAH_GiHRDiuKpxyMPBGGQ-19] Attempting to connect to: [localhost:5672]
2021-01-09 00:33:21,133 WARN o.s.a.r.l.SimpleMessageListenerContainer$AsyncMessageProcessingConsumer [springCloudBus.anonymous.aPAH_GiHRDiuKpxyMPBGGQ-19] Consumer raised exception, processing can restart if the connection factory supports it. Exception summary: org.springframework.amqp.AmqpConnectException: java.net.ConnectException: Connection refused: no further information
2021-01-09 00:33:21,134 INFO o.s.a.r.l.SimpleMessageListenerContainer$AsyncMessageProcessingConsumer [springCloudBus.anonymous.aPAH_GiHRDiuKpxyMPBGGQ-19] Restarting Consumer@76dcbc81: tags=[[]], channel=null, acknowledgeMode=AUTO local queue size=0
2021-01-09 00:33:21,134 INFO o.s.a.r.c.AbstractConnectionFactory [springCloudBus.anonymous.aPAH_GiHRDiuKpxyMPBGGQ-20] Attempting to connect to: [localhost:5672]
2021-01-09 00:33:30,277 WARN o.s.a.r.l.SimpleMessageListenerContainer$AsyncMessageProcessingConsumer [springCloudBus.anonymous.aPAH_GiHRDiuKpxyMPBGGQ-20] Consumer raised exception, processing can restart if the connection factory supports it. Exception summary: org.springframework.amqp.AmqpConnectException: java.net.ConnectException: Connection refused: no further information
2021-01-09 00:33:30,277 INFO o.s.a.r.l.SimpleMessageListenerContainer$AsyncMessageProcessingConsumer [springCloudBus.anonymous.aPAH_GiHRDiuKpxyMPBGGQ-20] Restarting Consumer@36396638: tags=[[]], channel=null, acknowledgeMode=AUTO local queue size=0
2021-01-09 00:33:30,279 INFO o.s.a.r.c.AbstractConnectionFactory [springCloudBus.anonymous.aPAH_GiHRDiuKpxyMPBGGQ-21] Attempting to connect to: [localhost:5672]
2021-01-09 00:33:39,429 WARN o.s.a.r.l.SimpleMessageListenerContainer$AsyncMessageProcessingConsumer [springCloudBus.anonymous.aPAH_GiHRDiuKpxyMPBGGQ-21] Consumer raised exception, processing can restart if the connection factory supports it. Exception summary: org.springframework.amqp.AmqpConnectException: java.net.ConnectException: Connection refused: no further information
2021-01-09 00:33:39,429 INFO o.s.a.r.l.SimpleMessageListenerContainer$AsyncMessageProcessingConsumer [springCloudBus.anonymous.aPAH_GiHRDiuKpxyMPBGGQ-21] Restarting Consumer@d17fda8: tags=[[]], channel=null, acknowledgeMode=AUTO local queue size=0
2021-01-09 00:33:39,430 INFO o.s.a.r.c.AbstractConnectionFactory [springCloudBus.anonymous.aPAH_GiHRDiuKpxyMPBGGQ-22] Attempting to connect to: [localhost:5672]
2021-01-09 00:33:48,555 WARN o.s.a.r.l.SimpleMessageListenerContainer$AsyncMessageProcessingConsumer [springCloudBus.anonymous.aPAH_GiHRDiuKpxyMPBGGQ-22] Consumer raised exception, processing can restart if the connection factory supports it. Exception summary: org.springframework.amqp.AmqpConnectException: java.net.ConnectException: Connection refused: no further information
2021-01-09 00:33:48,556 INFO o.s.a.r.l.SimpleMessageListenerContainer$AsyncMessageProcessingConsumer [springCloudBus.anonymous.aPAH_GiHRDiuKpxyMPBGGQ-22] Restarting Consumer@2dc8b6ed: tags=[[]], channel=null, acknowledgeMode=AUTO local queue size=0
2021-01-09 00:33:48,557 INFO o.s.a.r.c.AbstractConnectionFactory [springCloudBus.anonymous.aPAH_GiHRDiuKpxyMPBGGQ-23] Attempting to connect to: [localhost:5672]
