2020-12-14 17:55:33,480 INFO com.virtusa.banking.CustomerapiApplicationTests [main] No active profile set, falling back to default profiles: default
2020-12-14 18:07:31,389 INFO com.virtusa.banking.CustomerapiApplication [restartedMain] No active profile set, falling back to default profiles: default
2020-12-14 18:09:17,789 INFO com.virtusa.banking.CustomerapiApplication [restartedMain] No active profile set, falling back to default profiles: default
2020-12-14 18:10:31,139 INFO com.virtusa.banking.CustomerapiApplication [restartedMain] The following profiles are active: dev
2020-12-14 18:10:34,660 INFO com.virtusa.banking.configurations.DbConfiguration [restartedMain] Message from Property filemessage from dev from clustomer service.
2020-12-14 18:10:34,666 INFO com.virtusa.banking.configurations.DbConfiguration [restartedMain] User Name...shamb
2020-12-14 18:10:34,666 INFO com.virtusa.banking.configurations.DbConfiguration [restartedMain] Password...null
2020-12-14 18:12:48,281 INFO com.virtusa.banking.CustomerapiApplication [restartedMain] The following profiles are active: dev
2020-12-14 18:12:51,698 INFO com.virtusa.banking.configurations.DbConfiguration [restartedMain] Message from Property filemessage from dev from clustomer service.
2020-12-14 18:12:51,698 INFO com.virtusa.banking.configurations.DbConfiguration [restartedMain] User Name...shamb
2020-12-14 18:12:51,698 INFO com.virtusa.banking.configurations.DbConfiguration [restartedMain] Password...null
2020-12-14 18:15:29,159 INFO com.virtusa.banking.CustomerapiApplication [restartedMain] The following profiles are active: dev
2020-12-14 18:15:32,631 INFO com.virtusa.banking.configurations.DbConfiguration [restartedMain] Message from Property filemessage from dev from clustomer service.
2020-12-14 18:15:32,631 INFO com.virtusa.banking.configurations.DbConfiguration [restartedMain] User Name...shamb
2020-12-14 18:15:32,631 INFO com.virtusa.banking.configurations.DbConfiguration [restartedMain] Password...null
2020-12-14 18:21:43,588 INFO com.virtusa.banking.CustomerapiApplication [restartedMain] The following profiles are active: dev
2020-12-14 18:21:47,472 INFO com.virtusa.banking.configurations.DbConfiguration [restartedMain] Message from Property filemessage from dev from clustomer service.
2020-12-14 18:21:47,473 INFO com.virtusa.banking.configurations.DbConfiguration [restartedMain] User Name...shamb
2020-12-14 18:21:47,473 INFO com.virtusa.banking.configurations.DbConfiguration [restartedMain] Password...null
2020-12-14 18:24:12,576 INFO com.virtusa.banking.CustomerapiApplication [restartedMain] The following profiles are active: dev
2020-12-14 18:24:16,988 INFO com.virtusa.banking.configurations.DbConfiguration [restartedMain] Message from Property filemessage from dev from clustomer service.
2020-12-14 18:24:16,988 INFO com.virtusa.banking.configurations.DbConfiguration [restartedMain] User Name...shamb
2020-12-14 18:24:16,989 INFO com.virtusa.banking.configurations.DbConfiguration [restartedMain] Password...null
2020-12-14 18:36:23,112 INFO com.virtusa.banking.CustomerapiApplication [restartedMain] The following profiles are active: dev
2020-12-14 18:36:27,348 INFO com.virtusa.banking.configurations.DbConfiguration [restartedMain] Message from Property filemessage from dev from clustomer service.
2020-12-14 18:36:27,348 INFO com.virtusa.banking.configurations.DbConfiguration [restartedMain] User Name...shamb
2020-12-14 18:36:27,349 INFO com.virtusa.banking.configurations.DbConfiguration [restartedMain] Password...null
2020-12-14 18:37:03,877 INFO com.virtusa.banking.CustomerapiApplication [restartedMain] The following profiles are active: dev
2020-12-14 18:37:08,525 INFO com.virtusa.banking.configurations.DbConfiguration [restartedMain] Message from Property filemessage from dev from clustomer service.
2020-12-14 18:37:33,395 INFO com.virtusa.banking.configurations.DbConfiguration [restartedMain] User Name...shamb
2020-12-14 18:37:33,395 INFO com.virtusa.banking.configurations.DbConfiguration [restartedMain] Password...null
2020-12-14 18:40:40,507 INFO com.virtusa.banking.CustomerapiApplication [restartedMain] The following profiles are active: dev
2020-12-14 18:40:44,318 INFO com.virtusa.banking.configurations.DbConfiguration [restartedMain] Message from Property filemessage from dev from clustomer service.
2020-12-14 18:40:44,319 INFO com.virtusa.banking.configurations.DbConfiguration [restartedMain] User Name...shamb
2020-12-14 18:40:44,319 INFO com.virtusa.banking.configurations.DbConfiguration [restartedMain] Password...null
2020-12-14 18:43:04,602 INFO com.virtusa.banking.CustomerapiApplication [restartedMain] The following profiles are active: dev
2020-12-14 18:43:08,253 INFO com.virtusa.banking.configurations.DbConfiguration [restartedMain] Message from Property filemessage from dev from clustomer service.
2020-12-14 18:43:08,253 INFO com.virtusa.banking.configurations.DbConfiguration [restartedMain] User Name...shamb
2020-12-14 18:43:08,253 INFO com.virtusa.banking.configurations.DbConfiguration [restartedMain] Password...null
2020-12-14 18:45:29,873 INFO com.virtusa.banking.CustomerapiApplication [restartedMain] The following profiles are active: dev
2020-12-14 18:45:33,519 INFO com.virtusa.banking.configurations.DbConfiguration [restartedMain] Message from Property filemessage from dev from clustomer service.
2020-12-14 18:45:33,520 INFO com.virtusa.banking.configurations.DbConfiguration [restartedMain] User Name...shamb
2020-12-14 18:45:33,520 INFO com.virtusa.banking.configurations.DbConfiguration [restartedMain] Password...null
2020-12-14 18:46:18,621 INFO com.virtusa.banking.CustomerapiApplication [restartedMain] The following profiles are active: dev
2020-12-14 18:46:22,254 INFO com.virtusa.banking.configurations.DbConfiguration [restartedMain] Message from Property filemessage from dev from clustomer service.
2020-12-14 18:46:22,254 INFO com.virtusa.banking.configurations.DbConfiguration [restartedMain] User Name...shamb
2020-12-14 18:46:22,255 INFO com.virtusa.banking.configurations.DbConfiguration [restartedMain] Password...null
2020-12-14 18:50:43,080 INFO com.virtusa.banking.CustomerapiApplication [restartedMain] The following profiles are active: dev
2020-12-14 18:50:46,724 INFO com.virtusa.banking.configurations.DbConfiguration [restartedMain] Message from Property filemessage from dev from clustomer service.
2020-12-14 18:50:46,724 INFO com.virtusa.banking.configurations.DbConfiguration [restartedMain] User Name...shamb
2020-12-14 18:50:46,724 INFO com.virtusa.banking.configurations.DbConfiguration [restartedMain] Password...null
2020-12-14 18:51:25,383 INFO com.virtusa.banking.CustomerapiApplication [restartedMain] The following profiles are active: dev
2020-12-14 18:51:29,108 INFO com.virtusa.banking.configurations.DbConfiguration [restartedMain] Message from Property filemessage from dev from clustomer service.
2020-12-14 18:51:29,108 INFO com.virtusa.banking.configurations.DbConfiguration [restartedMain] User Name...shamb
2020-12-14 18:51:29,109 INFO com.virtusa.banking.configurations.DbConfiguration [restartedMain] Password...null
2020-12-14 18:53:27,729 INFO com.virtusa.banking.CustomerapiApplication [restartedMain] The following profiles are active: dev
2020-12-14 18:53:31,376 INFO com.virtusa.banking.configurations.DbConfiguration [restartedMain] Message from Property filemessage from dev from clustomer service.
2020-12-14 18:53:31,376 INFO com.virtusa.banking.configurations.DbConfiguration [restartedMain] User Name...shamb
2020-12-14 18:53:31,376 INFO com.virtusa.banking.configurations.DbConfiguration [restartedMain] Password...null
2020-12-14 18:56:54,408 INFO com.virtusa.banking.CustomerapiApplication [restartedMain] The following profiles are active: dev
2020-12-14 18:56:58,100 INFO com.virtusa.banking.configurations.DbConfiguration [restartedMain] Message from Property filemessage from dev from clustomer service.
2020-12-14 18:56:58,100 INFO com.virtusa.banking.configurations.DbConfiguration [restartedMain] User Name...shamb
2020-12-14 18:56:58,100 INFO com.virtusa.banking.configurations.DbConfiguration [restartedMain] Password...null
2020-12-14 18:59:15,667 INFO com.virtusa.banking.CustomerapiApplication [restartedMain] The following profiles are active: dev
2020-12-14 18:59:19,379 INFO com.virtusa.banking.configurations.DbConfiguration [restartedMain] Message from Property filemessage from dev from clustomer service.
2020-12-14 18:59:19,379 INFO com.virtusa.banking.configurations.DbConfiguration [restartedMain] User Name...shamb
2020-12-14 18:59:19,379 INFO com.virtusa.banking.configurations.DbConfiguration [restartedMain] Password...null
2020-12-14 19:04:44,048 INFO com.virtusa.banking.CustomerapiApplication [restartedMain] The following profiles are active: dev
2020-12-14 19:04:47,708 INFO com.virtusa.banking.configurations.DbConfiguration [restartedMain] Message from Property filemessage from dev from clustomer service.
2020-12-14 19:04:47,708 INFO com.virtusa.banking.configurations.DbConfiguration [restartedMain] User Name...shamb
2020-12-14 19:04:47,709 INFO com.virtusa.banking.configurations.DbConfiguration [restartedMain] Password...null
2020-12-14 19:14:47,189 INFO com.virtusa.banking.CustomerapiApplication [restartedMain] The following profiles are active: dev
2020-12-14 19:14:50,907 INFO com.virtusa.banking.configurations.DbConfiguration [restartedMain] Message from Property filemessage from dev from clustomer service.
2020-12-14 19:14:50,908 INFO com.virtusa.banking.configurations.DbConfiguration [restartedMain] User Name...shamb
2020-12-14 19:14:50,908 INFO com.virtusa.banking.configurations.DbConfiguration [restartedMain] Password...null
2020-12-14 19:37:40,839 INFO com.virtusa.banking.CustomerapiApplication [restartedMain] The following profiles are active: dev
2020-12-14 19:37:44,616 INFO com.virtusa.banking.configurations.DbConfiguration [restartedMain] Message from Property filemessage from dev from clustomer service.
2020-12-14 19:37:44,616 INFO com.virtusa.banking.configurations.DbConfiguration [restartedMain] User Name...shamb
2020-12-14 19:37:44,616 INFO com.virtusa.banking.configurations.DbConfiguration [restartedMain] Password...null
2020-12-14 19:42:18,898 INFO com.virtusa.banking.CustomerapiApplication [restartedMain] The following profiles are active: dev
2020-12-14 19:42:22,049 INFO com.virtusa.banking.configurations.DbConfiguration [restartedMain] Message from Property filemessage from dev from clustomer service.
2020-12-14 19:42:22,050 INFO com.virtusa.banking.configurations.DbConfiguration [restartedMain] User Name...shamb
2020-12-14 19:42:22,050 INFO com.virtusa.banking.configurations.DbConfiguration [restartedMain] Password...null
2020-12-14 19:42:46,051 INFO com.virtusa.banking.CustomerapiApplication [restartedMain] The following profiles are active: dev
2020-12-14 19:42:49,218 INFO com.virtusa.banking.configurations.DbConfiguration [restartedMain] Message from Property filemessage from dev from clustomer service.
2020-12-14 19:42:49,218 INFO com.virtusa.banking.configurations.DbConfiguration [restartedMain] User Name...shamb
2020-12-14 19:42:49,218 INFO com.virtusa.banking.configurations.DbConfiguration [restartedMain] Password...null
2020-12-14 19:43:06,796 INFO com.virtusa.banking.CustomerapiApplication [restartedMain] The following profiles are active: dev
2020-12-14 19:43:10,098 INFO com.virtusa.banking.configurations.DbConfiguration [restartedMain] Message from Property filemessage from dev from clustomer service.
2020-12-14 19:43:10,098 INFO com.virtusa.banking.configurations.DbConfiguration [restartedMain] User Name...shamb
2020-12-14 19:43:10,098 INFO com.virtusa.banking.configurations.DbConfiguration [restartedMain] Password...null
2020-12-14 19:47:14,423 INFO com.virtusa.banking.CustomerapiApplication [restartedMain] The following profiles are active: dev
2020-12-14 19:47:17,572 INFO com.virtusa.banking.configurations.DbConfiguration [restartedMain] Message from Property filemessage from dev from clustomer service.
2020-12-14 19:47:17,572 INFO com.virtusa.banking.configurations.DbConfiguration [restartedMain] User Name...shamb
2020-12-14 19:47:17,573 INFO com.virtusa.banking.configurations.DbConfiguration [restartedMain] Password...null
2020-12-14 19:48:41,075 INFO com.virtusa.banking.CustomerapiApplication [restartedMain] The following profiles are active: dev
2020-12-14 19:48:44,734 INFO com.virtusa.banking.configurations.DbConfiguration [restartedMain] Message from Property filemessage from dev from clustomer service.
2020-12-14 19:48:44,735 INFO com.virtusa.banking.configurations.DbConfiguration [restartedMain] User Name...shamb
2020-12-14 19:48:44,735 INFO com.virtusa.banking.configurations.DbConfiguration [restartedMain] Password...null
2020-12-14 20:17:55,441 INFO com.virtusa.banking.CustomerapiApplication [restartedMain] The following profiles are active: dev
2020-12-14 20:17:59,061 INFO com.virtusa.banking.configurations.DbConfiguration [restartedMain] Message from Property filemessage from dev from clustomer service.
2020-12-14 20:17:59,061 INFO com.virtusa.banking.configurations.DbConfiguration [restartedMain] User Name...shamb
2020-12-14 20:17:59,061 INFO com.virtusa.banking.configurations.DbConfiguration [restartedMain] Password...null
2020-12-14 20:19:16,789 INFO com.virtusa.banking.CustomerapiApplication [restartedMain] The following profiles are active: dev
2020-12-14 20:19:20,152 INFO com.virtusa.banking.configurations.DbConfiguration [restartedMain] Message from Property filemessage from dev from clustomer service.
2020-12-14 20:19:20,152 INFO com.virtusa.banking.configurations.DbConfiguration [restartedMain] User Name...shamb
2020-12-14 20:19:20,152 INFO com.virtusa.banking.configurations.DbConfiguration [restartedMain] Password...null
2020-12-14 20:19:57,873 INFO com.virtusa.banking.CustomerapiApplication [restartedMain] The following profiles are active: dev
2020-12-14 20:20:01,587 INFO com.virtusa.banking.configurations.DbConfiguration [restartedMain] Message from Property filemessage from dev from clustomer service.
2020-12-14 20:20:01,588 INFO com.virtusa.banking.configurations.DbConfiguration [restartedMain] User Name...root
2020-12-14 20:20:01,588 INFO com.virtusa.banking.configurations.DbConfiguration [restartedMain] Password...Stardrops@01
2020-12-14 20:20:32,739 INFO com.virtusa.banking.CustomerapiApplication [restartedMain] Started CustomerapiApplication in 37.094 seconds (JVM running for 37.964)
2020-12-26 22:22:56,611 INFO com.virtusa.banking.CustomerapiApplicationTests [main] No active profile set, falling back to default profiles: default
2020-12-26 22:25:21,442 INFO com.virtusa.banking.CustomerapiApplicationTests [main] No active profile set, falling back to default profiles: default
2020-12-26 22:26:33,820 INFO com.virtusa.banking.CustomerapiApplicationTests [main] No active profile set, falling back to default profiles: default
2020-12-26 22:32:03,547 INFO com.virtusa.banking.CustomerapiApplicationTests [main] The following profiles are active: @activatedProperties@
2020-12-26 22:33:59,854 INFO com.virtusa.banking.CustomerapiApplicationTests [main] The following profiles are active: dev
2020-12-26 22:39:05,430 INFO com.virtusa.banking.CustomerapiApplication [restartedMain] The following profiles are active: dev
2020-12-26 22:39:09,213 INFO com.virtusa.banking.configurations.DbConfiguration [restartedMain] Message from Property filemessage from dev from clustomer service.
2020-12-26 22:39:09,213 INFO com.virtusa.banking.configurations.DbConfiguration [restartedMain] User Name...root
2020-12-26 22:39:09,213 INFO com.virtusa.banking.configurations.DbConfiguration [restartedMain] Password...Stardrops@01
2020-12-26 22:41:32,453 INFO com.virtusa.banking.CustomerapiApplication [restartedMain] The following profiles are active: dev
2020-12-26 22:41:36,385 INFO com.virtusa.banking.configurations.DbConfiguration [restartedMain] Message from Property filemessage from dev from clustomer service.
2020-12-26 22:41:36,385 INFO com.virtusa.banking.configurations.DbConfiguration [restartedMain] User Name...root
2020-12-26 22:41:36,385 INFO com.virtusa.banking.configurations.DbConfiguration [restartedMain] Password...Stardrops@01
2020-12-26 22:42:24,811 INFO com.virtusa.banking.CustomerapiApplication [restartedMain] Started CustomerapiApplication in 91.406 seconds (JVM running for 92.404)
2020-12-26 22:43:30,189 INFO com.virtusa.banking.CustomerapiApplication [restartedMain] The following profiles are active: dev
2020-12-26 22:43:31,694 INFO com.virtusa.banking.configurations.DbConfiguration [restartedMain] Message from Property filemessage from dev from clustomer service.
2020-12-26 22:43:31,694 INFO com.virtusa.banking.configurations.DbConfiguration [restartedMain] User Name...root
2020-12-26 22:43:31,694 INFO com.virtusa.banking.configurations.DbConfiguration [restartedMain] Password...Stardrops@01
2020-12-26 22:44:14,553 INFO com.virtusa.banking.CustomerapiApplication [restartedMain] Started CustomerapiApplication in 82.515 seconds (JVM running for 202.145)
2020-12-26 23:00:09,297 INFO com.virtusa.banking.CustomerapiApplication [restartedMain] The following profiles are active: dev
2020-12-26 23:00:13,765 INFO com.virtusa.banking.configurations.DbConfiguration [restartedMain] Message from Property filemessage from dev from clustomer service.
2020-12-26 23:00:13,765 INFO com.virtusa.banking.configurations.DbConfiguration [restartedMain] User Name...root
2020-12-26 23:00:13,765 INFO com.virtusa.banking.configurations.DbConfiguration [restartedMain] Password...Stardrops@01
2020-12-26 23:00:43,600 INFO com.virtusa.banking.CustomerapiApplication [restartedMain] Started CustomerapiApplication in 75.774 seconds (JVM running for 76.714)
2020-12-26 23:27:12,727 INFO com.virtusa.banking.controllers.CustomerController [http-nio-7070-exec-9] Message from Property fileabc
2020-12-26 23:27:32,764 INFO com.virtusa.banking.controllers.CustomerController [http-nio-7070-exec-10] Message from Property fileabc
2020-12-26 23:30:11,639 INFO com.virtusa.banking.controllers.CustomerController [http-nio-7070-exec-3] Message from Property fileabc
2020-12-26 23:30:57,521 INFO com.virtusa.banking.controllers.CustomerController [http-nio-7070-exec-1] Message from Property fileabc
2020-12-26 23:31:00,603 INFO com.virtusa.banking.controllers.CustomerController [http-nio-7070-exec-5] Message from Property fileabc
2021-01-09 00:19:05,876 INFO com.virtusa.banking.CustomerapiApplication [restartedMain] The following profiles are active: dev
2021-01-09 00:19:11,464 INFO com.virtusa.banking.configurations.DbConfiguration [restartedMain] Message from Property filemessage from dev from clustomer service.
2021-01-09 00:19:11,465 INFO com.virtusa.banking.configurations.DbConfiguration [restartedMain] User Name...root
2021-01-09 00:19:11,465 INFO com.virtusa.banking.configurations.DbConfiguration [restartedMain] Password...Stardrops@01
2021-01-09 00:19:48,185 INFO com.virtusa.banking.controllers.CustomerController [http-nio-7070-exec-1] Message from Property fileabc
2021-01-09 00:19:48,829 INFO com.virtusa.banking.CustomerapiApplication [restartedMain] Started CustomerapiApplication in 49.255 seconds (JVM running for 50.568)
